This is pdfTeX, Version 3.14159265-2.6-1.40.20 (MiKTeX 2.9.7250 64-bit) (preloaded format=latex 2019.12.24)  25 DEC 2019 17:33
entering extended mode
**./bibliography.tex
(bibliography.tex
LaTeX2e <2019-10-01> patch level 3
\bibdata{/bibl}
No file bibliography.bbl.
)
! Emergency stop.
<*> ./bibliography.tex
                      
*** (job aborted, no legal \end found)

 
Here is how much of TeX's memory you used:
 8 strings out of 492485
 178 string characters out of 3121626
 58722 words of memory out of 3000000
 4453 multiletter control sequences out of 15000+200000
 3640 words of font info for 14 fonts, out of 3000000 for 9000
 1141 hyphenation exceptions out of 8191
 10i,0n,6p,58b,10s stack positions out of 5000i,500n,10000p,200000b,50000s
No pages of output.
